<?xml version="1.0" encoding="UTF-8"?>
<!-- Generated by org.testng.reporters.JUnitReportReporter -->
<testsuite skipped="0" hostname="ACER" name="BaseClass.BaseClass" tests="1" failures="0" timestamp="21 Oct 2020 18:40:32 GMT" time="6.019" errors="0">
  <testcase name="invokebrowser" time="6.019" classname="BaseClass.BaseClass"/>
</testsuite> <!-- BaseClass.BaseClass -->
