<?xml version="1.0" encoding="UTF-8"?>
<!-- Generated by org.testng.reporters.JUnitReportReporter -->
<testsuite skipped="0" hostname="DESKTOP-0QDP3G5" name="TestCases.Objects" tests="2" failures="0" timestamp="30 Oct 2020 10:51:03 GMT" time="100.387" errors="0">
  <testcase name="invokebrowser" time="20.333" classname="TestCases.Objects"/>
  <testcase name="test" time="80.054" classname="TestCases.Objects"/>
</testsuite> <!-- TestCases.Objects -->
